{"D:\\riktam_chat_application\\Backend\\db\\db.js": {"path":"D:\\riktam_chat_application\\Backend\\db\\db.js","statementMap":{"0":{"start":{"line":1,"column":22},"end":{"line":1,"column":42}},"1":{"start":{"line":4,"column":18},"end":{"line":4,"column":104}},"2":{"start":{"line":5,"column":0},"end":{"line":5,"column":30}}},"fnMap":{},"branchMap":{"0":{"loc":{"start":{"line":4,"column":32},"end":{"line":4,"column":103}},"type":"binary-expr","locations":[{"start":{"line":4,"column":32},"end":{"line":4,"column":50}},{"start":{"line":4,"column":54},"end":{"line":4,"column":103}}],"line":4}},"s":{"0":1,"1":1,"2":1},"f":{},"b":{"0":[1,1]},"_coverageSchema":"1a1c01bbd47fc00a2c39e90264f33305004495a9","hash":"71417ec613c758559b9fab24d766787a6c965477"}
,"D:\\riktam_chat_application\\Backend\\db\\Models\\Group.js": {"path":"D:\\riktam_chat_application\\Backend\\db\\Models\\Group.js","statementMap":{"0":{"start":{"line":1,"column":22},"end":{"line":1,"column":38}},"1":{"start":{"line":2,"column":22},"end":{"line":2,"column":42}},"2":{"start":{"line":3,"column":13},"end":{"line":3,"column":30}},"3":{"start":{"line":5,"column":14},"end":{"line":32,"column":1}},"4":{"start":{"line":35,"column":0},"end":{"line":35,"column":73}},"5":{"start":{"line":36,"column":0},"end":{"line":36,"column":72}},"6":{"start":{"line":38,"column":0},"end":{"line":38,"column":23}}},"fnMap":{},"branchMap":{},"s":{"0":1,"1":1,"2":1,"3":1,"4":1,"5":1,"6":1},"f":{},"b":{},"_coverageSchema":"1a1c01bbd47fc00a2c39e90264f33305004495a9","hash":"ffd5218ccdfc0389279636b16a384398cbfb1ff7"}
,"D:\\riktam_chat_application\\Backend\\db\\Models\\LikedMessage.js": {"path":"D:\\riktam_chat_application\\Backend\\db\\Models\\LikedMessage.js","statementMap":{"0":{"start":{"line":1,"column":22},"end":{"line":1,"column":38}},"1":{"start":{"line":2,"column":22},"end":{"line":2,"column":42}},"2":{"start":{"line":3,"column":13},"end":{"line":3,"column":30}},"3":{"start":{"line":4,"column":17},"end":{"line":4,"column":38}},"4":{"start":{"line":7,"column":21},"end":{"line":33,"column":1}},"5":{"start":{"line":36,"column":0},"end":{"line":36,"column":30}}},"fnMap":{},"branchMap":{},"s":{"0":1,"1":1,"2":1,"3":1,"4":1,"5":1},"f":{},"b":{},"_coverageSchema":"1a1c01bbd47fc00a2c39e90264f33305004495a9","hash":"3c562973c965a8fc746c020553acba037d780993"}
,"D:\\riktam_chat_application\\Backend\\db\\Models\\Member.js": {"path":"D:\\riktam_chat_application\\Backend\\db\\Models\\Member.js","statementMap":{"0":{"start":{"line":1,"column":22},"end":{"line":1,"column":38}},"1":{"start":{"line":2,"column":22},"end":{"line":2,"column":42}},"2":{"start":{"line":3,"column":13},"end":{"line":3,"column":30}},"3":{"start":{"line":4,"column":14},"end":{"line":4,"column":32}},"4":{"start":{"line":6,"column":15},"end":{"line":40,"column":1}},"5":{"start":{"line":43,"column":0},"end":{"line":43,"column":50}},"6":{"start":{"line":44,"column":0},"end":{"line":44,"column":48}},"7":{"start":{"line":47,"column":0},"end":{"line":47,"column":24}}},"fnMap":{},"branchMap":{},"s":{"0":1,"1":1,"2":1,"3":1,"4":1,"5":1,"6":1,"7":1},"f":{},"b":{},"_coverageSchema":"1a1c01bbd47fc00a2c39e90264f33305004495a9","hash":"f0483705cbcdc085495615266a096a8976dfc30d"}
,"D:\\riktam_chat_application\\Backend\\db\\Models\\Messages.js": {"path":"D:\\riktam_chat_application\\Backend\\db\\Models\\Messages.js","statementMap":{"0":{"start":{"line":1,"column":22},"end":{"line":1,"column":38}},"1":{"start":{"line":2,"column":22},"end":{"line":2,"column":42}},"2":{"start":{"line":3,"column":13},"end":{"line":3,"column":30}},"3":{"start":{"line":4,"column":14},"end":{"line":4,"column":32}},"4":{"start":{"line":6,"column":17},"end":{"line":41,"column":1}},"5":{"start":{"line":44,"column":0},"end":{"line":44,"column":54}},"6":{"start":{"line":45,"column":0},"end":{"line":45,"column":52}},"7":{"start":{"line":47,"column":0},"end":{"line":47,"column":26}}},"fnMap":{},"branchMap":{},"s":{"0":1,"1":1,"2":1,"3":1,"4":1,"5":1,"6":1,"7":1},"f":{},"b":{},"_coverageSchema":"1a1c01bbd47fc00a2c39e90264f33305004495a9","hash":"a1c634d4e8fcd15485b902f8c574c2e693d22a49"}
,"D:\\riktam_chat_application\\Backend\\db\\Models\\User.js": {"path":"D:\\riktam_chat_application\\Backend\\db\\Models\\User.js","statementMap":{"0":{"start":{"line":1,"column":22},"end":{"line":1,"column":38}},"1":{"start":{"line":2,"column":22},"end":{"line":2,"column":42}},"2":{"start":{"line":3,"column":15},"end":{"line":3,"column":34}},"3":{"start":{"line":5,"column":13},"end":{"line":46,"column":1}},"4":{"start":{"line":35,"column":16},"end":{"line":42,"column":19}},"5":{"start":{"line":49,"column":0},"end":{"line":49,"column":22}}},"fnMap":{"0":{"name":"(anonymous_0)","decl":{"start":{"line":33,"column":23},"end":{"line":33,"column":24}},"loc":{"start":{"line":33,"column":42},"end":{"line":43,"column":13}},"line":33}},"branchMap":{},"s":{"0":1,"1":1,"2":1,"3":1,"4":1,"5":1},"f":{"0":1},"b":{},"_coverageSchema":"1a1c01bbd47fc00a2c39e90264f33305004495a9","hash":"f74f9886f15b4d86ed01132c0bde4fe537c34c0e"}
,"D:\\riktam_chat_application\\Backend\\db\\Models\\index.js": {"path":"D:\\riktam_chat_application\\Backend\\db\\Models\\index.js","statementMap":{"0":{"start":{"line":1,"column":13},"end":{"line":1,"column":30}},"1":{"start":{"line":2,"column":17},"end":{"line":2,"column":38}},"2":{"start":{"line":3,"column":14},"end":{"line":3,"column":32}},"3":{"start":{"line":4,"column":15},"end":{"line":4,"column":34}},"4":{"start":{"line":5,"column":21},"end":{"line":5,"column":46}},"5":{"start":{"line":7,"column":15},"end":{"line":7,"column":60}},"6":{"start":{"line":10,"column":4},"end":{"line":16,"column":5}},"7":{"start":{"line":11,"column":8},"end":{"line":13,"column":9}},"8":{"start":{"line":12,"column":12},"end":{"line":12,"column":45}},"9":{"start":{"line":15,"column":8},"end":{"line":15,"column":32}},"10":{"start":{"line":20,"column":0},"end":{"line":27,"column":1}}},"fnMap":{"0":{"name":"createModels","decl":{"start":{"line":9,"column":15},"end":{"line":9,"column":27}},"loc":{"start":{"line":9,"column":30},"end":{"line":17,"column":1}},"line":9}},"branchMap":{},"s":{"0":1,"1":1,"2":1,"3":1,"4":1,"5":1,"6":1,"7":1,"8":5,"9":0,"10":1},"f":{"0":1},"b":{},"_coverageSchema":"1a1c01bbd47fc00a2c39e90264f33305004495a9","hash":"364c88d5aeb8292fdaaef417eab2366fa6b59768"}
}
